[06/07/2013 16:03:06] 
[06/07/2013 16:03:06] Iniciando [versão v0.0.1].
[06/07/2013 16:03:08] Current-unique-hash: W0ZTWU5DXTIuLg==
[06/07/2013 16:03:08] Aguardando SA-MP...
[06/07/2013 16:03:14] Jogo encontrado.
[06/07/2013 16:03:14] Carregando informações sobre ferramentas ilegais.
[06/07/2013 16:03:14] Iniciando verificação de módulos, bibliotecas e executáveis.
[06/07/2013 16:03:14] Iniciando sincronização automática do Anti-cheater.
[06/07/2013 16:03:19] Verificando por...
[06/07/2013 16:03:19] executáveis ilegais...
[06/07/2013 16:03:19] O Anti-cheater detectou uma ferramenta ilegal funcionando [Raidcall.exe].
[06/07/2013 16:03:19] Módulo-base: "gta_sa.exe"
[06/07/2013 16:03:19] Fechando o processo.
[06/07/2013 16:06:09] 
[06/07/2013 16:06:09] Iniciando [versão v0.0.1].
[06/07/2013 16:06:10] Current-unique-hash: W0ZTWU5DXTIuLg==
[06/07/2013 16:06:10] Aguardando SA-MP...
[06/07/2013 16:06:19] Jogo encontrado.
[06/07/2013 16:06:19] Carregando informações sobre ferramentas ilegais.
[06/07/2013 16:06:19] Iniciando verificação de módulos, bibliotecas e executáveis.
[06/07/2013 16:06:19] Iniciando sincronização automática do Anti-cheater.
[06/07/2013 16:06:25] Verificando por...
[06/07/2013 16:06:25] executáveis ilegais...
[06/07/2013 16:06:25] janelas ilegais...
[06/07/2013 16:06:25] módulos ilegais...
[06/07/2013 16:06:25] Sucesso!
[06/07/2013 16:06:29] Re-sincronizando estado do Anti-cheater.
[06/07/2013 16:06:30] Verificando por...
[06/07/2013 16:06:30] executáveis ilegais...
[06/07/2013 16:06:30] janelas ilegais...
[06/07/2013 16:06:30] módulos ilegais...
[06/07/2013 16:06:30] Sucesso!
[06/07/2013 16:06:35] Verificando por...
[06/07/2013 16:06:35] executáveis ilegais...
[06/07/2013 16:06:35] janelas ilegais...
[06/07/2013 16:06:35] módulos ilegais...
[06/07/2013 16:06:35] Sucesso!
[06/07/2013 16:06:39] Re-sincronizando estado do Anti-cheater.
[06/07/2013 16:06:40] Verificando por...
[06/07/2013 16:06:40] executáveis ilegais...
[06/07/2013 16:06:40] janelas ilegais...
[06/07/2013 16:06:40] módulos ilegais...
[06/07/2013 16:06:40] Sucesso!
[06/07/2013 16:06:45] Verificando por...
[06/07/2013 16:06:45] executáveis ilegais...
[06/07/2013 16:06:45] janelas ilegais...
[06/07/2013 16:06:45] módulos ilegais...
[06/07/2013 16:06:45] Sucesso!
[06/07/2013 16:06:49] Re-sincronizando estado do Anti-cheater.
[06/07/2013 16:06:50] Verificando por...
[06/07/2013 16:06:50] executáveis ilegais...
[06/07/2013 16:06:50] janelas ilegais...
[06/07/2013 16:06:50] módulos ilegais...
[06/07/2013 16:06:50] Sucesso!
[06/07/2013 16:06:55] Verificando por...
[06/07/2013 16:06:55] executáveis ilegais...
[06/07/2013 16:06:55] janelas ilegais...
[06/07/2013 16:06:55] módulos ilegais...
[06/07/2013 16:06:55] Sucesso!
[06/07/2013 16:06:59] Re-sincronizando estado do Anti-cheater.
[06/07/2013 16:07:00] Verificando por...
[06/07/2013 16:07:00] executáveis ilegais...
[06/07/2013 16:07:00] janelas ilegais...
[06/07/2013 16:07:00] módulos ilegais...
[06/07/2013 16:07:00] Sucesso!
[06/07/2013 16:07:05] Verificando por...
[06/07/2013 16:07:05] executáveis ilegais...
[06/07/2013 16:07:05] O Anti-cheater detectou uma ferramenta ilegal funcionando [Raidcall.exe].
[06/07/2013 16:07:05] Módulo-base: "gta_sa.exe"
[06/07/2013 16:07:05] Fechando o processo.
[25/07/2013 22:01:51] 
[25/07/2013 22:01:51] Iniciando [versão v0.0.1].
[25/07/2013 22:01:53] Current-unique-hash: W0ZTWU5DXTcuMw==
[25/07/2013 22:01:53] Aguardando SA-MP...
[25/07/2013 22:01:55] Jogo encontrado.
[25/07/2013 22:01:55] Carregando informações sobre ferramentas ilegais.
[25/07/2013 22:01:56] Iniciando verificação de módulos, bibliotecas e executáveis.
[25/07/2013 22:01:56] Iniciando sincronização automática do Anti-cheater.
[25/07/2013 22:02:01] Verificando por...
[25/07/2013 22:02:01] executáveis ilegais...
[25/07/2013 22:02:01] janelas ilegais...
[25/07/2013 22:02:01] O Anti-cheater detectou uma ferramenta ilegal funcionando [IAStorDataMgrSvc].
[25/07/2013 22:02:01] Módulo-base: "gta_sa.exe"
[25/07/2013 22:02:01] Fechando o processo.
[25/07/2013 22:09:01] 
[25/07/2013 22:09:01] Iniciando [versão v0.0.1].
[25/07/2013 22:09:02] Current-unique-hash: W0ZTWU5DXTcuMw==
[25/07/2013 22:09:02] Aguardando SA-MP...
[25/07/2013 22:09:05] Jogo encontrado.
[25/07/2013 22:09:05] Carregando informações sobre ferramentas ilegais.
[25/07/2013 22:09:05] Iniciando verificação de módulos, bibliotecas e executáveis.
[25/07/2013 22:09:05] Iniciando sincronização automática do Anti-cheater.
[25/07/2013 22:09:10] Verificando por...
[25/07/2013 22:09:10] executáveis ilegais...
[25/07/2013 22:09:10] janelas ilegais...
[25/07/2013 22:09:10] módulos ilegais...
[25/07/2013 22:09:11] Sucesso!
[25/07/2013 22:09:15] Verificando por...
[25/07/2013 22:09:15] executáveis ilegais...
[25/07/2013 22:09:15] janelas ilegais...
[25/07/2013 22:09:15] módulos ilegais...
[25/07/2013 22:09:16] Sucesso!
[25/07/2013 22:09:16] Re-sincronizando estado do Anti-cheater.
[25/07/2013 22:09:20] Verificando por...
[25/07/2013 22:09:20] executáveis ilegais...
[25/07/2013 22:09:20] janelas ilegais...
[25/07/2013 22:09:20] módulos ilegais...
[25/07/2013 22:09:21] Sucesso!
[25/07/2013 22:09:25] Re-sincronizando estado do Anti-cheater.
[25/07/2013 22:09:26] Verificando por...
[25/07/2013 22:09:26] executáveis ilegais...
[25/07/2013 22:09:26] janelas ilegais...
[25/07/2013 22:09:26] módulos ilegais...
[25/07/2013 22:09:26] Sucesso!
[25/07/2013 22:09:31] Verificando por...
[25/07/2013 22:09:31] executáveis ilegais...
[25/07/2013 22:09:31] janelas ilegais...
[25/07/2013 22:09:31] módulos ilegais...
[25/07/2013 22:09:31] Sucesso!
[25/07/2013 22:09:36] Re-sincronizando estado do Anti-cheater.
[25/07/2013 22:09:37] Verificando por...
[25/07/2013 22:09:37] executáveis ilegais...
[25/07/2013 22:09:37] janelas ilegais...
[25/07/2013 22:09:37] módulos ilegais...
[25/07/2013 22:09:37] Sucesso!
[25/07/2013 22:09:40] Verificando por...
[25/07/2013 22:09:40] executáveis ilegais...
[25/07/2013 22:09:40] janelas ilegais...
[25/07/2013 22:09:41] módulos ilegais...
[25/07/2013 22:09:41] Sucesso!
[25/07/2013 22:09:41] Abrindo diálogo de informações sobre o programa.
[25/07/2013 22:09:45] Re-sincronizando estado do Anti-cheater.
[25/07/2013 22:09:46] Verificando por...
[25/07/2013 22:09:46] executáveis ilegais...
[25/07/2013 22:09:46] janelas ilegais...
[25/07/2013 22:09:46] módulos ilegais...
[25/07/2013 22:09:46] Sucesso!
